[debug] [2026-03-30T12:50:37.977Z] ----------------------------------------------------------------------
[debug] [2026-03-30T12:50:37.978Z] Command:       /home/nikhils/.nvm/versions/node/v22.22.0/bin/node /home/nikhils/.nvm/versions/node/v22.22.0/bin/firebase deploy
[debug] [2026-03-30T12:50:37.978Z] CLI Version:   15.12.0
[debug] [2026-03-30T12:50:37.978Z] Platform:      linux
[debug] [2026-03-30T12:50:37.978Z] Node Version:  v22.22.0
[debug] [2026-03-30T12:50:37.979Z] Time:          Mon Mar 30 2026 18:20:37 GMT+0530 (India Standard Time)
[debug] [2026-03-30T12:50:37.979Z] ----------------------------------------------------------------------
[debug] 
[debug] [2026-03-30T12:50:38.529Z] > command requires scopes: ["email","openid","https://www.googleapis.com/auth/cloudplatformprojects.readonly","https://www.googleapis.com/auth/firebase","https://www.googleapis.com/auth/cloud-platform"]
[debug] [2026-03-30T12:50:38.530Z] > authorizing via signed-in user (nikhil29877@gmail.com)
[debug] [2026-03-30T12:50:38.530Z] [iam] checking project book-exchange-22dd2 for permissions ["cloudfunctions.functions.create","cloudfunctions.functions.delete","cloudfunctions.functions.get","cloudfunctions.functions.list","cloudfunctions.functions.update","cloudfunctions.operations.get","firebase.projects.get","firebasehosting.sites.update"]
[debug] [2026-03-30T12:50:38.531Z] Checked if tokens are valid: true, expires at: 1774878260152
[debug] [2026-03-30T12:50:38.531Z] Checked if tokens are valid: true, expires at: 1774878260152
[debug] [2026-03-30T12:50:38.532Z] >>> [apiv2][query] POST https://cloudresourcemanager.googleapis.com/v1/projects/book-exchange-22dd2:testIamPermissions [none]
[debug] [2026-03-30T12:50:38.532Z] >>> [apiv2][(partial)header] POST https://cloudresourcemanager.googleapis.com/v1/projects/book-exchange-22dd2:testIamPermissions  x-goog-user-project=book-exchange-22dd2
[debug] [2026-03-30T12:50:38.532Z] >>> [apiv2][body] POST https://cloudresourcemanager.googleapis.com/v1/projects/book-exchange-22dd2:testIamPermissions {"permissions":["cloudfunctions.functions.create","cloudfunctions.functions.delete","cloudfunctions.functions.get","cloudfunctions.functions.list","cloudfunctions.functions.update","cloudfunctions.operations.get","firebase.projects.get","firebasehosting.sites.update"]}
[debug] [2026-03-30T12:50:39.984Z] <<< [apiv2][status] POST https://cloudresourcemanager.googleapis.com/v1/projects/book-exchange-22dd2:testIamPermissions 200
[debug] [2026-03-30T12:50:39.984Z] <<< [apiv2][body] POST https://cloudresourcemanager.googleapis.com/v1/projects/book-exchange-22dd2:testIamPermissions {"permissions":["cloudfunctions.functions.create","cloudfunctions.functions.delete","cloudfunctions.functions.get","cloudfunctions.functions.list","cloudfunctions.functions.update","cloudfunctions.operations.get","firebase.projects.get","firebasehosting.sites.update"]}
[debug] [2026-03-30T12:50:39.984Z] Checked if tokens are valid: true, expires at: 1774878260152
[debug] [2026-03-30T12:50:39.985Z] Checked if tokens are valid: true, expires at: 1774878260152
[debug] [2026-03-30T12:50:39.985Z] >>> [apiv2][query] POST https://iam.googleapis.com/v1/projects/book-exchange-22dd2/serviceAccounts/book-exchange-22dd2@appspot.gserviceaccount.com:testIamPermissions [none]
[debug] [2026-03-30T12:50:39.985Z] >>> [apiv2][body] POST https://iam.googleapis.com/v1/projects/book-exchange-22dd2/serviceAccounts/book-exchange-22dd2@appspot.gserviceaccount.com:testIamPermissions {"permissions":["iam.serviceAccounts.actAs"]}
[debug] [2026-03-30T12:50:41.606Z] <<< [apiv2][status] POST https://iam.googleapis.com/v1/projects/book-exchange-22dd2/serviceAccounts/book-exchange-22dd2@appspot.gserviceaccount.com:testIamPermissions 200
[debug] [2026-03-30T12:50:41.607Z] <<< [apiv2][body] POST https://iam.googleapis.com/v1/projects/book-exchange-22dd2/serviceAccounts/book-exchange-22dd2@appspot.gserviceaccount.com:testIamPermissions {"permissions":["iam.serviceAccounts.actAs"]}
[debug] [2026-03-30T12:50:41.608Z] Checked if tokens are valid: true, expires at: 1774878260152
[debug] [2026-03-30T12:50:41.608Z] Checked if tokens are valid: true, expires at: 1774878260152
[debug] [2026-03-30T12:50:41.608Z] >>> [apiv2][query] GET https://firebase.googleapis.com/v1beta1/projects/book-exchange-22dd2 [none]
